2025-07-29 18:49:05,281 - Added product P001
2025-07-29 18:50:32,800 - Added product P002
2025-07-29 18:51:40,893 - Checked status of product P001 - Status: ok
2025-07-29 18:52:15,779 - Purchased 5 of product P001
2025-07-29 18:53:08,740 - Purchased 5 of product P001
2025-07-29 18:53:52,304 - Checked status of product P001 - Status: ok
2025-07-29 18:54:11,655 - Checked status of product P001 - Status: ok
2025-07-29 18:54:22,092 - Purchased 5 of product P001
2025-07-29 18:54:36,600 - Checked status of product P001 - Status: ok
2025-07-29 18:55:19,417 - Purchased 15 of product P001
2025-07-29 18:55:39,014 - Checked status of product P001 - Status: ok
2025-07-29 18:56:49,013 - Purchased 11 of product P001
2025-07-29 18:56:55,261 - Checked status of product P001 - Status: ok
2025-07-29 18:58:04,018 - Purchased 70 of product P002
2025-07-29 18:58:45,774 - Purchased 10 of product P002
2025-07-29 19:03:03,086 - Added product P003
2025-07-29 19:16:01,716 - Added product P004
2025-07-29 19:18:26,739 - Added product P005
2025-07-29 19:19:06,347 - Added product P006
2025-07-29 19:20:14,339 - Added product P007
2025-07-29 19:34:26,375 - Purchased 100 of product P007
2025-07-29 19:34:55,624 - Purchased 90 of product P007
2025-07-29 19:35:24,037 - Purchased 2 of product P007
2025-07-29 19:36:56,256 - Checked status of product P001 - Status: ok
2025-07-29 19:37:02,844 - Checked status of product P002 - Status: ok
2025-07-29 19:37:07,773 - Checked status of product P003 - Status: ok
2025-07-29 19:37:13,765 - Checked status of product P004 - Status: ok
2025-07-29 19:37:18,534 - Checked status of product P005 - Status: ok
2025-07-29 19:37:24,748 - Checked status of product P006 - Status: ok
2025-07-29 19:37:30,854 - Checked status of product P007 - Status: ok
2025-07-29 19:38:02,913 - Purchased 58 of product P007
2025-07-29 19:38:18,038 - Checked status of product P007 - Status: ok
2025-07-29 22:23:39,060 - Added product P008
2025-07-29 22:24:06,393 - Checked status of product P007 - Status: ok
2025-07-29 22:24:09,560 - Checked status of product P008 - Status: ok
2025-07-29 22:37:07,057 - Added product P009
2025-07-29 22:37:18,701 - Checked status of product P009 - Status: ok
2025-07-29 22:57:58,309 - Added product P010
2025-07-29 22:58:13,855 - Checked status of product P010 - Status: ok
2025-07-29 22:59:23,208 - Purchased 10 of product P010
2025-07-29 22:59:32,166 - Checked status of product P010 - Status: ok
2025-07-29 23:27:55,979 - Added product P011
2025-07-29 23:28:34,382 - Added product P012
2025-07-29 23:28:43,016 - Checked status of product P011 - Status: out_of_stock
2025-07-29 23:29:25,446 - Checked status of product P011 - Status: out_of_stock
2025-07-29 23:29:47,215 - Checked status of product P011 - Status: out_of_stock
2025-07-29 23:29:50,241 - Checked status of product P011 - Status: out_of_stock
2025-07-29 23:48:11,232 - Added product string
2025-07-29 23:49:10,761 - Checked status of product string - Status: out_of_stock
2025-07-29 23:51:54,473 - Added product p013
2025-07-29 23:52:17,381 - Checked status of product p013 - Status: below_threshold
2025-07-29 23:52:51,767 - Purchased 5 of product p013
2025-07-29 23:53:03,850 - Checked status of product p013 - Status: out_of_stock
2025-07-29 23:53:28,830 - Manually restocked 3 of product p013
2025-07-29 23:53:37,759 - Checked status of product p013 - Status: below_threshold
2025-07-29 23:53:47,798 - Manually restocked 3 of product p013
2025-07-29 23:53:53,100 - Checked status of product p013 - Status: below_threshold
2025-07-29 23:53:57,902 - Manually restocked 3 of product p013
2025-07-29 23:54:05,206 - Checked status of product p013 - Status: below_threshold
2025-07-29 23:54:08,253 - Checked status of product p013 - Status: below_threshold
2025-07-29 23:54:12,678 - Manually restocked 3 of product p013
2025-07-29 23:54:15,486 - Checked status of product p013 - Status: ok
2025-07-29 23:56:45,307 - Purchased 19 of product P001
2025-07-29 23:57:00,547 - Checked status of product P001 - Status: ok
2025-07-29 23:57:44,181 - Purchased 10 of product P001
2025-07-29 23:58:18,445 - Purchased 11 of product P001
2025-07-29 23:59:23,099 - Added product p014
2025-07-30 00:00:25,848 - Added product p015
2025-07-30 00:03:06,416 - Added product p016
